<?xml version="1.0" encoding="UTF-8"?>
<!-- Generated by org.testng.reporters.JUnitXMLReporter -->
<testsuite ignored="0" hostname="DESKTOP-8U4S44M" failures="0" tests="4" name="chromeBrowser" time="25.771" errors="0" timestamp="2023-11-23T11:27:40 IST">
  <testcase classname="testscript.AutoSuggestionsTest" name="autoSuggetions" time="9.192"/>
  <testcase classname="testscript.DemoAssertionTest" name="verifyTitle" time="5.326"/>
  <testcase classname="testscript.DemoAssertion1Test" name="verifyTitle" time="6.941"/>
  <testcase classname="testscript.DemoAssertion2Test" name="verifyTitle" time="4.206"/>
</testsuite> <!-- chromeBrowser -->
