<?xml version="1.0" encoding="UTF-8"?>
<!-- Generated by org.testng.reporters.JUnitXMLReporter -->
<testsuite ignored="0" hostname="DESKTOP-8U4S44M" failures="0" tests="8" name="edgeBrowser" time="0.316" errors="0" timestamp="2023-11-23T11:27:14 IST">
  <testcase classname="testscript.CustomerModuleTest" name="createCustomer" time="0.018"/>
  <testcase classname="testscript.CustomerModuleIMPTest" name="deleteCustomer" time="0.004"/>
  <testcase classname="testscript.CustomerModuleTest" name="deleteCustomer" time="0.002"/>
  <testcase classname="testscript.LoginTest" name="login" time="0.006"/>
  <testcase classname="testscript.CustomerModuleIMPTest" name="registerCustomer" time="0.013"/>
  <testcase classname="testscript.DemoTestNGTest" name="testDemo" time="0.007"/>
  <testcase classname="testscript.CustomerModuleIMPTest" name="editCustomer" time="0.004"/>
  <testcase classname="testscript.CustomerModuleIMPTest" name="editCustomer" time="0.012"/>
</testsuite> <!-- edgeBrowser -->
