<?xml version="1.0" encoding="UTF-8"?>
<!-- Generated by org.testng.reporters.JUnitXMLReporter -->
<testsuite ignored="4" hostname="DESKTOP-8U4S44M" failures="0" tests="8" name="Test" time="10.557" errors="0" timestamp="2023-11-23T11:29:28 IST">
  <testcase classname="testscript.DemoAssertion1Test" name="verifyTitle" time="6.411"/>
  <testcase classname="testscript.DemoAssertion2Test" name="verifyTitle" time="3.996"/>
  <testcase classname="testscript.CustomerModuleIMPTest" name="deleteCustomer" time="0.006"/>
  <testcase classname="testscript.CustomerModuleIMPTest" name="registerCustomer" time="0.004"/>
  <testcase classname="testscript.CustomerModuleIMPTest" name="editCustomer" time="0.003"/>
  <testcase classname="testscript.CustomerModuleIMPTest" name="editCustomer" time="0.002"/>
  <testcase classname="testscript.LoginTest" name="login" time="0.005"/>
  <testcase classname="testscript.DemoTestNGTest" name="testDemo" time="0.002"/>
  <testcase classname="testscript.DemoAssertionTest" name="verifyTitle" time="0.0">
    <ignored/>
  </testcase> <!-- verifyTitle -->
  <testcase classname="testscript.CustomerModuleTest" name="deleteCustomer" time="0.0">
    <ignored/>
  </testcase> <!-- deleteCustomer -->
  <testcase classname="testscript.AutoSuggestionsTest" name="autoSuggetions" time="0.0">
    <ignored/>
  </testcase> <!-- autoSuggetions -->
  <testcase classname="testscript.CustomerModuleTest" name="createCustomer" time="0.0">
    <ignored/>
  </testcase> <!-- createCustomer -->
</testsuite> <!-- Test -->
