<?xml version="1.0" encoding="UTF-8"?>
<testng-results ignored="0" total="8" passed="8" failed="0" skipped="0">
  <reporter-output>
    <line>
      <![CDATA[Hard Assert Comparision PASS.....]]>
    </line>
    <line>
      <![CDATA[HardAssert NOT MATCHING FAIL .....]]>
    </line>
    <line>
      <![CDATA[SoftAssert Passed .....]]>
    </line>
    <line>
      <![CDATA[deleteCustomer]]>
    </line>
    <line>
      <![CDATA[registerCustomer]]>
    </line>
    <line>
      <![CDATA[editCustomer]]>
    </line>
    <line>
      <![CDATA[editCustomer]]>
    </line>
    <line>
      <![CDATA[[1m[100m[34mMADHUSUDHANA RAO[0m]]>
    </line>
    <line>
      <![CDATA[Welcome To Automation Testing ]]>
    </line>
  </reporter-output>
  <suite started-at="2023-11-23T11:29:18 IST" name="Suite" finished-at="2023-11-23T11:29:28 IST" duration-ms="10557">
    <groups>
      <group name="regressionTest">
        <method signature="DemoTestNGTest.testDemo()[pri:0, instance:testscript.DemoTestNGTest@2b40ff9c]" name="testDemo" class="testscript.DemoTestNGTest"/>
        <method signature="LoginTest.login()[pri:0, instance:testscript.LoginTest@451001e5]" name="login" class="testscript.LoginTest"/>
        <method signature="CustomerModuleIMPTest.editCustomer()[pri:1, instance:testscript.CustomerModuleIMPTest@7d9d0818]" name="editCustomer" class="testscript.CustomerModuleIMPTest"/>
      </group> <!-- regressionTest -->
      <group name="smokeTest">
        <method signature="CustomerModuleIMPTest.deleteCustomer()[pri:0, instance:testscript.CustomerModuleIMPTest@7d9d0818]" name="deleteCustomer" class="testscript.CustomerModuleIMPTest"/>
        <method signature="CustomerModuleIMPTest.registerCustomer()[pri:0, instance:testscript.CustomerModuleIMPTest@7d9d0818]" name="registerCustomer" class="testscript.CustomerModuleIMPTest"/>
        <method signature="DemoAssertion1Test.verifyTitle()[pri:0, instance:testscript.DemoAssertion1Test@6fa51cd4]" name="verifyTitle" class="testscript.DemoAssertion1Test"/>
        <method signature="DemoAssertion2Test.verifyTitle()[pri:0, instance:testscript.DemoAssertion2Test@2767e23c]" name="verifyTitle" class="testscript.DemoAssertion2Test"/>
        <method signature="LoginTest.login()[pri:0, instance:testscript.LoginTest@451001e5]" name="login" class="testscript.LoginTest"/>
      </group> <!-- smokeTest -->
    </groups>
    <test started-at="2023-11-23T11:29:18 IST" name="Test" finished-at="2023-11-23T11:29:28 IST" duration-ms="10557">
      <class name="testscript.DemoAssertion2Test">
        <test-method signature="verifyTitle()[pri:0, instance:testscript.DemoAssertion2Test@2767e23c]" started-at="2023-11-23T11:29:24 IST" name="verifyTitle" finished-at="2023-11-23T11:29:28 IST" duration-ms="3996" status="PASS">
          <reporter-output>
            <line>
              <![CDATA[SoftAssert Passed .....]]>
            </line>
          </reporter-output>
        </test-method> <!-- verifyTitle -->
      </class> <!-- testscript.DemoAssertion2Test -->
      <class name="testscript.CustomerModuleIMPTest">
        <test-method signature="deleteCustomer()[pri:0, instance:testscript.CustomerModuleIMPTest@7d9d0818]" started-at="2023-11-23T11:29:28 IST" name="deleteCustomer" finished-at="2023-11-23T11:29:28 IST" duration-ms="6" status="PASS">
          <reporter-output>
            <line>
              <![CDATA[deleteCustomer]]>
            </line>
          </reporter-output>
        </test-method> <!-- deleteCustomer -->
        <test-method signature="registerCustomer()[pri:0, instance:testscript.CustomerModuleIMPTest@7d9d0818]" started-at="2023-11-23T11:29:28 IST" name="registerCustomer" finished-at="2023-11-23T11:29:28 IST" duration-ms="4" status="PASS">
          <reporter-output>
            <line>
              <![CDATA[registerCustomer]]>
            </line>
          </reporter-output>
        </test-method> <!-- registerCustomer -->
        <test-method signature="editCustomer()[pri:1, instance:testscript.CustomerModuleIMPTest@7d9d0818]" started-at="2023-11-23T11:29:28 IST" name="editCustomer" finished-at="2023-11-23T11:29:28 IST" duration-ms="3" status="PASS">
          <reporter-output>
            <line>
              <![CDATA[editCustomer]]>
            </line>
          </reporter-output>
        </test-method> <!-- editCustomer -->
        <test-method signature="editCustomer()[pri:1, instance:testscript.CustomerModuleIMPTest@7d9d0818]" started-at="2023-11-23T11:29:28 IST" name="editCustomer" finished-at="2023-11-23T11:29:28 IST" duration-ms="2" status="PASS">
          <reporter-output>
            <line>
              <![CDATA[editCustomer]]>
            </line>
          </reporter-output>
        </test-method> <!-- editCustomer -->
      </class> <!-- testscript.CustomerModuleIMPTest -->
      <class name="testscript.DemoAssertion1Test">
        <test-method signature="verifyTitle()[pri:0, instance:testscript.DemoAssertion1Test@6fa51cd4]" started-at="2023-11-23T11:29:18 IST" name="verifyTitle" finished-at="2023-11-23T11:29:24 IST" duration-ms="6411" status="PASS">
          <reporter-output>
            <line>
              <![CDATA[Hard Assert Comparision PASS.....]]>
            </line>
            <line>
              <![CDATA[HardAssert NOT MATCHING FAIL .....]]>
            </line>
          </reporter-output>
        </test-method> <!-- verifyTitle -->
      </class> <!-- testscript.DemoAssertion1Test -->
      <class name="testscript.LoginTest">
        <test-method signature="login()[pri:0, instance:testscript.LoginTest@451001e5]" started-at="2023-11-23T11:29:28 IST" name="login" finished-at="2023-11-23T11:29:28 IST" duration-ms="5" status="PASS">
          <reporter-output>
            <line>
              <![CDATA[[1m[100m[34mMADHUSUDHANA RAO[0m]]>
            </line>
          </reporter-output>
        </test-method> <!-- login -->
      </class> <!-- testscript.LoginTest -->
      <class name="testscript.DemoTestNGTest">
        <test-method signature="testDemo()[pri:0, instance:testscript.DemoTestNGTest@2b40ff9c]" started-at="2023-11-23T11:29:28 IST" name="testDemo" finished-at="2023-11-23T11:29:28 IST" duration-ms="2" status="PASS">
          <reporter-output>
            <line>
              <![CDATA[Welcome To Automation Testing ]]>
            </line>
          </reporter-output>
        </test-method> <!-- testDemo -->
      </class> <!-- testscript.DemoTestNGTest -->
    </test> <!-- Test -->
  </suite> <!-- Suite -->
</testng-results>
