<?xml version="1.0" encoding="UTF-8"?>
<testng-results ignored="0" total="1" passed="1" failed="0" skipped="0">
  <reporter-output>
  </reporter-output>
  <suite started-at="2023-11-24T11:24:12 IST" name="Default suite" finished-at="2023-11-24T11:24:12 IST" duration-ms="95">
    <groups>
    </groups>
    <test started-at="2023-11-24T11:24:12 IST" name="Default test" finished-at="2023-11-24T11:24:12 IST" duration-ms="95">
      <class name="practice.ReadDataFromTextFile">
        <test-method signature="secondWay()[pri:0, instance:practice.ReadDataFromTextFile@20140db9]" started-at="2023-11-24T11:24:12 IST" name="secondWay" finished-at="2023-11-24T11:24:12 IST" duration-ms="16" status="PASS">
          <reporter-output>
          </reporter-output>
        </test-method> <!-- secondWay -->
      </class> <!-- practice.ReadDataFromTextFile -->
    </test> <!-- Default test -->
  </suite> <!-- Default suite -->
</testng-results>
